2024-07-15 13:33:14,373 - matplotlib.font_manager - INFO - generated new fontManager
0.78MS-DIRECT:USING NEAREST AND 200 ITERS. SEEMS TO STABILIZE AT 100
2024-07-15 13:33:15,399 - pyswarms.single.global_best - INFO - Optimize for 200 iters with {'c1': 0.5, 'c2': 0.3, 'w': 0.9}
2024-07-15 18:11:17,736 - pyswarms.single.global_best - INFO - Optimization finished | best cost: 27.788924373021395, best pos: [4497.23132957   53.59933495]
0.78MS-DIRECT:USING SHRINK AND 100 ITERS. SEEMS TO STABILIZE AT 90
2024-07-16 15:28:43,586 - pyswarms.single.global_best - INFO - Optimize for 100 iters with {'c1': 0.5, 'c2': 0.3, 'w': 0.9}
2024-07-16 17:58:04,226 - pyswarms.single.global_best - INFO - Optimization finished | best cost: 9.491725402298844, best pos: [ 0.         46.67572938]
2.08MS-DIRECT
2024-07-16 21:14:58,521 - pyswarms.single.global_best - INFO - Optimize for 100 iters with {'c1': 0.5, 'c2': 0.3, 'w': 0.9}
2024-07-16 23:33:08,782 - pyswarms.single.global_best - INFO - Optimization finished | best cost: 139.5363402585861, best pos: [4808.84625969   50.93852038]
1.29MS-DIRECT
2024-07-17 13:38:51,594 - pyswarms.single.global_best - INFO - Optimize for 100 iters with {'c1': 0.5, 'c2': 0.3, 'w': 0.9}
2024-07-17 15:56:21,745 - pyswarms.single.global_best - INFO - Optimization finished | best cost: 192.80282592182527, best pos: [4619.23496491   57.43512659]
1.55MS-DIRECT
2024-07-17 15:56:28,436 - pyswarms.single.global_best - INFO - Optimize for 100 iters with {'c1': 0.5, 'c2': 0.3, 'w': 0.9}
2024-07-17 18:13:58,549 - pyswarms.single.global_best - INFO - Optimization finished | best cost: 162.9117729099687, best pos: [5609.79837381   34.33565562]
2.61MS-DIRECT
2024-07-17 18:14:05,275 - pyswarms.single.global_best - INFO - Optimize for 100 iters with {'c1': 0.5, 'c2': 0.3, 'w': 0.9}
2024-07-18 00:15:02,760 - pyswarms.single.global_best - INFO - Optimization finished | best cost: 150.52613603119048, best pos: [4978.56327025   38.15561481]
1.55MS-DIRECT
2024-07-23 10:46:37,248 - pyswarms.single.global_best - INFO - Optimize for 100 iters with {'c1': 0.5, 'c2': 0.3, 'w': 0.9}
2024-07-23 13:15:54,608 - pyswarms.single.global_best - INFO - Optimization finished | best cost: 94.10859763343564, best pos: [4078.63195981   31.5755327 ]
RETRY IN ORDER
0.78MS
2024-07-23 13:35:42,793 - pyswarms.single.global_best - INFO - Optimize for 100 iters with {'c1': 0.5, 'c2': 0.3, 'w': 0.9}
2024-07-23 15:53:30,459 - pyswarms.single.global_best - INFO - Optimization finished | best cost: 9.713351296122752, best pos: [ 0.         22.75088918]
1.03MS
2024-07-23 15:53:30,526 - pyswarms.single.global_best - INFO - Optimize for 100 iters with {'c1': 0.5, 'c2': 0.3, 'w': 0.9}
2024-07-23 18:10:53,711 - pyswarms.single.global_best - INFO - Optimization finished | best cost: 17.988595314303453, best pos: [ 0.         68.35793813]
1.29MS
2024-07-23 18:18:42,986 - pyswarms.single.global_best - INFO - Optimize for 100 iters with {'c1': 0.5, 'c2': 0.3, 'w': 0.9}
2024-07-23 20:38:20,840 - pyswarms.single.global_best - INFO - Optimization finished | best cost: 180.45763619546457, best pos: [4617.80503105   52.86663449]
1.55MS
2024-07-23 20:38:27,545 - pyswarms.single.global_best - INFO - Optimize for 100 iters with {'c1': 0.5, 'c2': 0.3, 'w': 0.9}
2024-07-23 22:56:22,327 - pyswarms.single.global_best - INFO - Optimization finished | best cost: 150.0609175123398, best pos: [1426.4073817    39.85393339]
2.08MS
2024-07-24 09:57:27,475 - pyswarms.single.global_best - INFO - Optimize for 100 iters with {'c1': 0.5, 'c2': 0.3, 'w': 0.9}
2024-07-24 12:16:51,177 - pyswarms.single.global_best - INFO - Optimization finished | best cost: 130.9306664743997, best pos: [4863.08109813   55.91198882]
2.61MS
024-07-24 12:16:57,895 - pyswarms.single.global_best - INFO - Optimize for 100 iters with {'c1': 0.5, 'c2': 0.3, 'w': 0.9}
2024-07-24 14:35:42,640 - pyswarms.single.global_best - INFO - Optimization finished | best cost: 142.0856096282106, best pos: [3655.35865019   48.95082549]
3.15MS
2024-07-24 14:35:49,314 - pyswarms.single.global_best - INFO - Optimize for 100 iters with {'c1': 0.5, 'c2': 0.3, 'w': 0.9}
2024-07-24 16:52:50,910 - pyswarms.single.global_best - INFO - Optimization finished | best cost: 59.7023571156048, best pos: [1466.32769627   67.90288156]
