Trial #1 (8 - 32)*4
2024-09-30 15:43:35,178 - root - INFO - Starting optimization 1.55ms in 1200g_VelocidadVariable_1520kg-m3
2024-09-30 15:43:35,288 - pyswarms.single.global_best - INFO - Optimize for 110 iters with {'c1': 1, 'c2': 1, 'w': 0.9}
2024-09-30 15:44:21,741 - root - INFO - Starting optimization 2.08ms in 1200g_VelocidadVariable_1520kg-m3
2024-09-30 15:44:21,832 - pyswarms.single.global_best - INFO - Optimize for 110 iters with {'c1': 1, 'c2': 1, 'w': 0.9}
2024-09-30 17:59:30,289 - pyswarms.single.global_best - INFO - Optimization finished | best cost: 2674.7987948757795, best pos: [8473.94026706   20.42564216]
2024-09-30 17:59:30,294 - root - INFO - Finished optimization for 1.55ms in 1200g_VelocidadVariable_1520kg-m3
2024-09-30 18:00:25,437 - pyswarms.single.global_best - INFO - Optimization finished | best cost: 1917.2207872061922, best pos: [7033.45728074   29.24009981]
2024-09-30 18:00:25,447 - root - INFO - Finished optimization for 2.08ms in 1200g_VelocidadVariable_1520kg-m3
Trial #2 (8 - 32)*8
2024-09-30 18:24:07,819 - root - INFO - Starting optimization 1.55ms in 1200g_VelocidadVariable_1520kg-m3
2024-09-30 18:24:07,890 - pyswarms.single.global_best - INFO - Optimize for 110 iters with {'c1': 1, 'c2': 1, 'w': 0.9}
2024-09-30 18:25:00,570 - root - INFO - Starting optimization 2.08ms in 1200g_VelocidadVariable_1520kg-m3
2024-09-30 18:25:00,636 - pyswarms.single.global_best - INFO - Optimize for 110 iters with {'c1': 1, 'c2': 1, 'w': 0.9}
2024-09-30 18:26:44,951 - root - INFO - Starting optimization 2.61ms in 1200g_VelocidadVariable_1520kg-m3
2024-09-30 18:26:45,049 - pyswarms.single.global_best - INFO - Optimize for 110 iters with {'c1': 1, 'c2': 1, 'w': 0.9}
2024-09-30 21:01:28,049 - pyswarms.single.global_best - INFO - Optimization finished | best cost: 7797.899466041806, best pos: [1958.88796851   14.33347759]
2024-09-30 21:01:28,051 - root - INFO - Finished optimization for 1.55ms in 1200g_VelocidadVariable_1520kg-m3
2024-09-30 21:02:50,364 - pyswarms.single.global_best - INFO - Optimization finished | best cost: 5576.724390492141, best pos: [3848.92048822   30.9888548 ]
2024-09-30 21:02:50,367 - root - INFO - Finished optimization for 2.08ms in 1200g_VelocidadVariable_1520kg-m3
2024-09-30 21:04:05,886 - pyswarms.single.global_best - INFO - Optimization finished | best cost: 4438.328018658188, best pos: [5365.41953269   34.819862  ]
2024-09-30 21:04:05,898 - root - INFO - Finished optimization for 2.61ms in 1200g_VelocidadVariable_1520kg-m3
